2014/06/19 15:53:09 [error] [exception.CDbException] exception 'CDbException' with message 'CDbConnection failed to open the DB connection: SQLSTATE[HY000] [2002] No such file or directory' in /data0/yii/framework/db/CDbConnection.php:382
Stack trace:
#0 /data0/yii/framework/db/CDbConnection.php(330): CDbConnection->open()
#1 /data0/yii/framework/db/CDbConnection.php(308): CDbConnection->setActive(true)
#2 /data0/yii/framework/base/CModule.php(387): CDbConnection->init()
#3 /data0/yii/framework/base/CModule.php(103): CModule->getComponent('db')
#4 /data0/yii/framework/gii/generators/model/ModelCode.php(60): CModule->__get('db')
#5 /data0/yii/framework/web/CFormModel.php(39): ModelCode->init()
#6 /data0/yii/framework/gii/CCodeGenerator.php(153): CFormModel->__construct()
#7 /data0/yii/framework/gii/CCodeGenerator.php(63): CCodeGenerator->prepare()
#8 /data0/yii/framework/web/actions/CInlineAction.php(49): CCodeGenerator->actionIndex()
#9 /data0/yii/framework/web/CController.php(308): CInlineAction->runWithParams(Array)
#10 /data0/yii/framework/web/CController.php(286): CController->runAction(Object(CInlineAction))
#11 /data0/yii/framework/web/CController.php(265): CController->runActionWithFilters(Object(CInlineAction), Array)
#12 /data0/yii/framework/web/CWebApplication.php(282): CController->run('index')
#13 /data0/yii/framework/web/CWebApplication.php(141): CWebApplication->runController('gii/model/index')
#14 /data0/yii/framework/base/CApplication.php(180): CWebApplication->processRequest()
#15 /data0/myblog/index.php(13): CApplication->run()
#16 {main}
REQUEST_URI=/index.php?r=gii/model/index
HTTP_REFERER=http://zmxblog.com/index.php?r=gii/default/index
---
2014/06/19 17:39:56 [error] [exception.CException] exception 'CException' with message 'Property "User.salt" is not defined.' in /data0/yii/framework/base/CComponent.php:130
Stack trace:
#0 /data0/yii/framework/db/ar/CActiveRecord.php(145): CComponent->__get('salt')
#1 /data0/myblog/protected/models/User.php(111): CActiveRecord->__get('salt')
#2 /data0/myblog/protected/components/UserIdentity.php(26): User->validatePassword('demo')
#3 /data0/myblog/protected/models/LoginForm.php(52): UserIdentity->authenticate()
#4 /data0/yii/framework/validators/CInlineValidator.php(42): LoginForm->authenticate('password', Array)
#5 /data0/yii/framework/validators/CValidator.php(213): CInlineValidator->validateAttribute(Object(LoginForm), 'password')
#6 /data0/yii/framework/base/CModel.php(159): CValidator->validate(Object(LoginForm), NULL)
#7 /data0/myblog/protected/controllers/SiteController.php(94): CModel->validate()
#8 /data0/yii/framework/web/actions/CInlineAction.php(49): SiteController->actionLogin()
#9 /data0/yii/framework/web/CController.php(308): CInlineAction->runWithParams(Array)
#10 /data0/yii/framework/web/CController.php(286): CController->runAction(Object(CInlineAction))
#11 /data0/yii/framework/web/CController.php(265): CController->runActionWithFilters(Object(CInlineAction), Array)
#12 /data0/yii/framework/web/CWebApplication.php(282): CController->run('login')
#13 /data0/yii/framework/web/CWebApplication.php(141): CWebApplication->runController('site/login')
#14 /data0/yii/framework/base/CApplication.php(180): CWebApplication->processRequest()
#15 /data0/myblog/index.php(13): CApplication->run()
#16 {main}
REQUEST_URI=/index.php?r=site/login
HTTP_REFERER=http://zmxblog.com/index.php?r=site/login
---
2014/06/19 17:41:41 [error] [php] Creating default object from empty value (/data0/myblog/protected/components/UserIdentity.php:27)
Stack trace:
#0 /data0/yii/framework/validators/CValidator.php(213): CInlineValidator->validateAttribute()
#1 /data0/yii/framework/base/CModel.php(159): CInlineValidator->validate()
#2 /data0/myblog/protected/controllers/SiteController.php(94): LoginForm->validate()
#3 /data0/yii/framework/web/actions/CInlineAction.php(49): SiteController->actionLogin()
#4 /data0/yii/framework/web/CController.php(308): CInlineAction->runWithParams()
#5 /data0/yii/framework/web/CController.php(286): SiteController->runAction()
#6 /data0/yii/framework/web/CController.php(265): SiteController->runActionWithFilters()
#7 /data0/yii/framework/web/CWebApplication.php(282): SiteController->run()
#8 /data0/yii/framework/web/CWebApplication.php(141): CWebApplication->runController()
#9 /data0/yii/framework/base/CApplication.php(180): CWebApplication->processRequest()
#10 /data0/myblog/index.php(13): CWebApplication->run()
REQUEST_URI=/index.php?r=site/login
in /data0/myblog/protected/components/UserIdentity.php (27)
in /data0/myblog/protected/models/LoginForm.php (52)
in /data0/myblog/protected/controllers/SiteController.php (94)
2014/06/19 17:42:17 [error] [php] Creating default object from empty value (/data0/myblog/protected/components/UserIdentity.php:27)
Stack trace:
#0 /data0/yii/framework/validators/CValidator.php(213): CInlineValidator->validateAttribute()
#1 /data0/yii/framework/base/CModel.php(159): CInlineValidator->validate()
#2 /data0/myblog/protected/controllers/SiteController.php(94): LoginForm->validate()
#3 /data0/yii/framework/web/actions/CInlineAction.php(49): SiteController->actionLogin()
#4 /data0/yii/framework/web/CController.php(308): CInlineAction->runWithParams()
#5 /data0/yii/framework/web/CController.php(286): SiteController->runAction()
#6 /data0/yii/framework/web/CController.php(265): SiteController->runActionWithFilters()
#7 /data0/yii/framework/web/CWebApplication.php(282): SiteController->run()
#8 /data0/yii/framework/web/CWebApplication.php(141): CWebApplication->runController()
#9 /data0/yii/framework/base/CApplication.php(180): CWebApplication->processRequest()
#10 /data0/myblog/index.php(13): CWebApplication->run()
REQUEST_URI=/index.php?r=site/login
in /data0/myblog/protected/components/UserIdentity.php (27)
in /data0/myblog/protected/models/LoginForm.php (52)
in /data0/myblog/protected/controllers/SiteController.php (94)
2014/06/19 17:43:39 [error] [php] Undefined variable: salt (/data0/myblog/protected/models/User.php:117)
Stack trace:
#0 /data0/myblog/protected/models/LoginForm.php(52): UserIdentity->authenticate()
#1 /data0/yii/framework/validators/CInlineValidator.php(42): LoginForm->authenticate()
#2 /data0/yii/framework/validators/CValidator.php(213): CInlineValidator->validateAttribute()
#3 /data0/yii/framework/base/CModel.php(159): CInlineValidator->validate()
#4 /data0/myblog/protected/controllers/SiteController.php(94): LoginForm->validate()
#5 /data0/yii/framework/web/actions/CInlineAction.php(49): SiteController->actionLogin()
#6 /data0/yii/framework/web/CController.php(308): CInlineAction->runWithParams()
#7 /data0/yii/framework/web/CController.php(286): SiteController->runAction()
#8 /data0/yii/framework/web/CController.php(265): SiteController->runActionWithFilters()
#9 /data0/yii/framework/web/CWebApplication.php(282): SiteController->run()
#10 /data0/yii/framework/web/CWebApplication.php(141): CWebApplication->runController()
#11 /data0/yii/framework/base/CApplication.php(180): CWebApplication->processRequest()
#12 /data0/myblog/index.php(13): CWebApplication->run()
REQUEST_URI=/index.php?r=site/login
in /data0/myblog/protected/models/User.php (117)
in /data0/myblog/protected/models/User.php (113)
in /data0/myblog/protected/components/UserIdentity.php (26)
2014/06/19 17:43:56 [error] [php] Creating default object from empty value (/data0/myblog/protected/components/UserIdentity.php:27)
Stack trace:
#0 /data0/yii/framework/validators/CValidator.php(213): CInlineValidator->validateAttribute()
#1 /data0/yii/framework/base/CModel.php(159): CInlineValidator->validate()
#2 /data0/myblog/protected/controllers/SiteController.php(94): LoginForm->validate()
#3 /data0/yii/framework/web/actions/CInlineAction.php(49): SiteController->actionLogin()
#4 /data0/yii/framework/web/CController.php(308): CInlineAction->runWithParams()
#5 /data0/yii/framework/web/CController.php(286): SiteController->runAction()
#6 /data0/yii/framework/web/CController.php(265): SiteController->runActionWithFilters()
#7 /data0/yii/framework/web/CWebApplication.php(282): SiteController->run()
#8 /data0/yii/framework/web/CWebApplication.php(141): CWebApplication->runController()
#9 /data0/yii/framework/base/CApplication.php(180): CWebApplication->processRequest()
#10 /data0/myblog/index.php(13): CWebApplication->run()
REQUEST_URI=/index.php?r=site/login
in /data0/myblog/protected/components/UserIdentity.php (27)
in /data0/myblog/protected/models/LoginForm.php (52)
in /data0/myblog/protected/controllers/SiteController.php (94)
2014/06/20 09:24:34 [error] [exception.CHttpException.404] exception 'CHttpException' with message 'Unable to resolve the request "login".' in /data0/yii/framework/web/CWebApplication.php:286
Stack trace:
#0 /data0/yii/framework/web/CWebApplication.php(141): CWebApplication->runController('login')
#1 /data0/yii/framework/base/CApplication.php(180): CWebApplication->processRequest()
#2 /data0/myblog/index.php(13): CApplication->run()
#3 {main}
REQUEST_URI=/index.php?r=login
---
2014/06/20 09:24:41 [error] [exception.CHttpException.404] exception 'CHttpException' with message 'Unable to resolve the request "login".' in /data0/yii/framework/web/CWebApplication.php:286
Stack trace:
#0 /data0/yii/framework/web/CWebApplication.php(141): CWebApplication->runController('login')
#1 /data0/yii/framework/base/CApplication.php(180): CWebApplication->processRequest()
#2 /data0/myblog/index.php(13): CApplication->run()
#3 {main}
REQUEST_URI=/index.php?r=login
---
2014/06/20 09:26:05 [error] [php] Creating default object from empty value (/data0/myblog/protected/components/UserIdentity.php:27)
Stack trace:
#0 /data0/yii/framework/validators/CValidator.php(213): CInlineValidator->validateAttribute()
#1 /data0/yii/framework/base/CModel.php(159): CInlineValidator->validate()
#2 /data0/myblog/protected/controllers/SiteController.php(94): LoginForm->validate()
#3 /data0/yii/framework/web/actions/CInlineAction.php(49): SiteController->actionLogin()
#4 /data0/yii/framework/web/CController.php(308): CInlineAction->runWithParams()
#5 /data0/yii/framework/web/CController.php(286): SiteController->runAction()
#6 /data0/yii/framework/web/CController.php(265): SiteController->runActionWithFilters()
#7 /data0/yii/framework/web/CWebApplication.php(282): SiteController->run()
#8 /data0/yii/framework/web/CWebApplication.php(141): CWebApplication->runController()
#9 /data0/yii/framework/base/CApplication.php(180): CWebApplication->processRequest()
#10 /data0/myblog/index.php(13): CWebApplication->run()
REQUEST_URI=/index.php?r=site/login
in /data0/myblog/protected/components/UserIdentity.php (27)
in /data0/myblog/protected/models/LoginForm.php (52)
in /data0/myblog/protected/controllers/SiteController.php (94)
2014/06/20 09:34:38 [error] [exception.CException] exception 'CException' with message 'Property "User.salt" is not defined.' in /data0/yii/framework/base/CComponent.php:130
Stack trace:
#0 /data0/yii/framework/db/ar/CActiveRecord.php(145): CComponent->__get('salt')
#1 /data0/myblog/protected/models/User.php(111): CActiveRecord->__get('salt')
#2 /data0/myblog/protected/components/UserIdentity.php(26): User->validatePassword('demo')
#3 /data0/myblog/protected/models/LoginForm.php(52): UserIdentity->authenticate()
#4 /data0/yii/framework/validators/CInlineValidator.php(42): LoginForm->authenticate('password', Array)
#5 /data0/yii/framework/validators/CValidator.php(213): CInlineValidator->validateAttribute(Object(LoginForm), 'password')
#6 /data0/yii/framework/base/CModel.php(159): CValidator->validate(Object(LoginForm), NULL)
#7 /data0/myblog/protected/controllers/SiteController.php(94): CModel->validate()
#8 /data0/yii/framework/web/actions/CInlineAction.php(49): SiteController->actionLogin()
#9 /data0/yii/framework/web/CController.php(308): CInlineAction->runWithParams(Array)
#10 /data0/yii/framework/web/CController.php(286): CController->runAction(Object(CInlineAction))
#11 /data0/yii/framework/web/CController.php(265): CController->runActionWithFilters(Object(CInlineAction), Array)
#12 /data0/yii/framework/web/CWebApplication.php(282): CController->run('login')
#13 /data0/yii/framework/web/CWebApplication.php(141): CWebApplication->runController('site/login')
#14 /data0/yii/framework/base/CApplication.php(180): CWebApplication->processRequest()
#15 /data0/myblog/index.php(13): CApplication->run()
#16 {main}
REQUEST_URI=/index.php?r=site/login
HTTP_REFERER=http://zmxblog.com/index.php?r=site/login
---
2014/06/20 09:34:39 [error] [exception.CException] exception 'CException' with message 'Property "User.salt" is not defined.' in /data0/yii/framework/base/CComponent.php:130
Stack trace:
#0 /data0/yii/framework/db/ar/CActiveRecord.php(145): CComponent->__get('salt')
#1 /data0/myblog/protected/models/User.php(111): CActiveRecord->__get('salt')
#2 /data0/myblog/protected/components/UserIdentity.php(26): User->validatePassword('demo')
#3 /data0/myblog/protected/models/LoginForm.php(52): UserIdentity->authenticate()
#4 /data0/yii/framework/validators/CInlineValidator.php(42): LoginForm->authenticate('password', Array)
#5 /data0/yii/framework/validators/CValidator.php(213): CInlineValidator->validateAttribute(Object(LoginForm), 'password')
#6 /data0/yii/framework/base/CModel.php(159): CValidator->validate(Object(LoginForm), NULL)
#7 /data0/myblog/protected/controllers/SiteController.php(94): CModel->validate()
#8 /data0/yii/framework/web/actions/CInlineAction.php(49): SiteController->actionLogin()
#9 /data0/yii/framework/web/CController.php(308): CInlineAction->runWithParams(Array)
#10 /data0/yii/framework/web/CController.php(286): CController->runAction(Object(CInlineAction))
#11 /data0/yii/framework/web/CController.php(265): CController->runActionWithFilters(Object(CInlineAction), Array)
#12 /data0/yii/framework/web/CWebApplication.php(282): CController->run('login')
#13 /data0/yii/framework/web/CWebApplication.php(141): CWebApplication->runController('site/login')
#14 /data0/yii/framework/base/CApplication.php(180): CWebApplication->processRequest()
#15 /data0/myblog/index.php(13): CApplication->run()
#16 {main}
REQUEST_URI=/index.php?r=site/login
HTTP_REFERER=http://zmxblog.com/index.php?r=site/login
---
2014/06/20 09:38:25 [error] [php] Creating default object from empty value (/data0/myblog/protected/components/UserIdentity.php:27)
Stack trace:
#0 /data0/yii/framework/validators/CValidator.php(213): CInlineValidator->validateAttribute()
#1 /data0/yii/framework/base/CModel.php(159): CInlineValidator->validate()
#2 /data0/myblog/protected/controllers/SiteController.php(94): LoginForm->validate()
#3 /data0/yii/framework/web/actions/CInlineAction.php(49): SiteController->actionLogin()
#4 /data0/yii/framework/web/CController.php(308): CInlineAction->runWithParams()
#5 /data0/yii/framework/web/CController.php(286): SiteController->runAction()
#6 /data0/yii/framework/web/CController.php(265): SiteController->runActionWithFilters()
#7 /data0/yii/framework/web/CWebApplication.php(282): SiteController->run()
#8 /data0/yii/framework/web/CWebApplication.php(141): CWebApplication->runController()
#9 /data0/yii/framework/base/CApplication.php(180): CWebApplication->processRequest()
#10 /data0/myblog/index.php(13): CWebApplication->run()
REQUEST_URI=/index.php?r=site/login
in /data0/myblog/protected/components/UserIdentity.php (27)
in /data0/myblog/protected/models/LoginForm.php (52)
in /data0/myblog/protected/controllers/SiteController.php (94)
2014/06/20 09:40:09 [error] [php] Creating default object from empty value (/data0/myblog/protected/components/UserIdentity.php:31)
Stack trace:
#0 /data0/yii/framework/validators/CValidator.php(213): CInlineValidator->validateAttribute()
#1 /data0/yii/framework/base/CModel.php(159): CInlineValidator->validate()
#2 /data0/myblog/protected/controllers/SiteController.php(94): LoginForm->validate()
#3 /data0/yii/framework/web/actions/CInlineAction.php(49): SiteController->actionLogin()
#4 /data0/yii/framework/web/CController.php(308): CInlineAction->runWithParams()
#5 /data0/yii/framework/web/CController.php(286): SiteController->runAction()
#6 /data0/yii/framework/web/CController.php(265): SiteController->runActionWithFilters()
#7 /data0/yii/framework/web/CWebApplication.php(282): SiteController->run()
#8 /data0/yii/framework/web/CWebApplication.php(141): CWebApplication->runController()
#9 /data0/yii/framework/base/CApplication.php(180): CWebApplication->processRequest()
#10 /data0/myblog/index.php(13): CWebApplication->run()
REQUEST_URI=/index.php?r=site/login
in /data0/myblog/protected/components/UserIdentity.php (31)
in /data0/myblog/protected/models/LoginForm.php (52)
in /data0/myblog/protected/controllers/SiteController.php (94)
2014/06/20 09:48:14 [error] [exception.CException] exception 'CException' with message 'Property "User.salt" is not defined.' in /data0/yii/framework/base/CComponent.php:130
Stack trace:
#0 /data0/yii/framework/db/ar/CActiveRecord.php(145): CComponent->__get('salt')
#1 /data0/myblog/protected/models/User.php(111): CActiveRecord->__get('salt')
#2 /data0/myblog/protected/components/UserIdentity.php(26): User->validatePassword('demo')
#3 /data0/myblog/protected/models/LoginForm.php(52): UserIdentity->authenticate()
#4 /data0/yii/framework/validators/CInlineValidator.php(42): LoginForm->authenticate('password', Array)
#5 /data0/yii/framework/validators/CValidator.php(213): CInlineValidator->validateAttribute(Object(LoginForm), 'password')
#6 /data0/yii/framework/base/CModel.php(159): CValidator->validate(Object(LoginForm), NULL)
#7 /data0/myblog/protected/controllers/SiteController.php(94): CModel->validate()
#8 /data0/yii/framework/web/actions/CInlineAction.php(49): SiteController->actionLogin()
#9 /data0/yii/framework/web/CController.php(308): CInlineAction->runWithParams(Array)
#10 /data0/yii/framework/web/CController.php(286): CController->runAction(Object(CInlineAction))
#11 /data0/yii/framework/web/CController.php(265): CController->runActionWithFilters(Object(CInlineAction), Array)
#12 /data0/yii/framework/web/CWebApplication.php(282): CController->run('login')
#13 /data0/yii/framework/web/CWebApplication.php(141): CWebApplication->runController('site/login')
#14 /data0/yii/framework/base/CApplication.php(180): CWebApplication->processRequest()
#15 /data0/myblog/index.php(13): CApplication->run()
#16 {main}
REQUEST_URI=/index.php?r=site/login
HTTP_REFERER=http://zmxblog.com/index.php?r=site/login
---
2014/06/20 09:48:18 [error] [exception.CException] exception 'CException' with message 'Property "User.salt" is not defined.' in /data0/yii/framework/base/CComponent.php:130
Stack trace:
#0 /data0/yii/framework/db/ar/CActiveRecord.php(145): CComponent->__get('salt')
#1 /data0/myblog/protected/models/User.php(111): CActiveRecord->__get('salt')
#2 /data0/myblog/protected/components/UserIdentity.php(26): User->validatePassword('demo')
#3 /data0/myblog/protected/models/LoginForm.php(52): UserIdentity->authenticate()
#4 /data0/yii/framework/validators/CInlineValidator.php(42): LoginForm->authenticate('password', Array)
#5 /data0/yii/framework/validators/CValidator.php(213): CInlineValidator->validateAttribute(Object(LoginForm), 'password')
#6 /data0/yii/framework/base/CModel.php(159): CValidator->validate(Object(LoginForm), NULL)
#7 /data0/myblog/protected/controllers/SiteController.php(94): CModel->validate()
#8 /data0/yii/framework/web/actions/CInlineAction.php(49): SiteController->actionLogin()
#9 /data0/yii/framework/web/CController.php(308): CInlineAction->runWithParams(Array)
#10 /data0/yii/framework/web/CController.php(286): CController->runAction(Object(CInlineAction))
#11 /data0/yii/framework/web/CController.php(265): CController->runActionWithFilters(Object(CInlineAction), Array)
#12 /data0/yii/framework/web/CWebApplication.php(282): CController->run('login')
#13 /data0/yii/framework/web/CWebApplication.php(141): CWebApplication->runController('site/login')
#14 /data0/yii/framework/base/CApplication.php(180): CWebApplication->processRequest()
#15 /data0/myblog/index.php(13): CApplication->run()
#16 {main}
REQUEST_URI=/index.php?r=site/login
HTTP_REFERER=http://zmxblog.com/index.php?r=site/login
---
2014/06/20 09:55:36 [error] [exception.CHttpException.404] exception 'CHttpException' with message 'Unable to resolve the request "user".' in /data0/yii/framework/web/CWebApplication.php:286
Stack trace:
#0 /data0/yii/framework/web/CWebApplication.php(141): CWebApplication->runController('user')
#1 /data0/yii/framework/base/CApplication.php(180): CWebApplication->processRequest()
#2 /data0/myblog/index.php(13): CApplication->run()
#3 {main}
REQUEST_URI=/index.php?r=user
---
2014/06/20 10:02:40 [error] [exception.CHttpException.404] exception 'CHttpException' with message 'Unable to resolve the request "user".' in /data0/yii/framework/web/CWebApplication.php:286
Stack trace:
#0 /data0/yii/framework/web/CWebApplication.php(141): CWebApplication->runController('user')
#1 /data0/yii/framework/base/CApplication.php(180): CWebApplication->processRequest()
#2 /data0/myblog/index.php(13): CApplication->run()
#3 {main}
REQUEST_URI=/index.php?r=user
---
2014/06/20 10:02:58 [error] [exception.CHttpException.403] exception 'CHttpException' with message 'You are not authorized to perform this action.' in /data0/yii/framework/web/auth/CAccessControlFilter.php:182
Stack trace:
#0 /data0/yii/framework/web/auth/CAccessControlFilter.php(145): CAccessControlFilter->accessDenied(Object(CWebUser), 'You are not aut...')
#1 /data0/yii/framework/web/filters/CFilter.php(38): CAccessControlFilter->preFilter(Object(CFilterChain))
#2 /data0/yii/framework/web/CController.php(1145): CFilter->filter(Object(CFilterChain))
#3 /data0/yii/framework/web/filters/CInlineFilter.php(58): CController->filterAccessControl(Object(CFilterChain))
#4 /data0/yii/framework/web/filters/CFilterChain.php(130): CInlineFilter->filter(Object(CFilterChain))
#5 /data0/yii/framework/web/CController.php(291): CFilterChain->run()
#6 /data0/yii/framework/web/CController.php(265): CController->runActionWithFilters(Object(CInlineAction), Array)
#7 /data0/yii/framework/web/CWebApplication.php(282): CController->run('admin')
#8 /data0/yii/framework/web/CWebApplication.php(141): CWebApplication->runController('post/admin')
#9 /data0/yii/framework/base/CApplication.php(180): CWebApplication->processRequest()
#10 /data0/myblog/index.php(13): CApplication->run()
#11 {main}
REQUEST_URI=/index.php?r=post/admin
HTTP_REFERER=http://zmxblog.com/index.php?r=post/create
---
2014/06/21 15:23:30 [error] [exception.CDbException] exception 'CDbException' with message 'Relation "commentCount" is not defined in active record class "Post".' in /data0/yii/framework/db/ar/CActiveFinder.php:226
Stack trace:
#0 /data0/yii/framework/db/ar/CActiveFinder.php(48): CActiveFinder->buildJoinTree(Object(CJoinElement), 'commentCount')
#1 /data0/yii/framework/db/ar/CActiveRecord.php(909): CActiveFinder->__construct(Object(Post), 'commentCount')
#2 /data0/yii/framework/db/ar/CActiveRecord.php(1604): CActiveRecord->getActiveFinder('commentCount')
#3 /data0/yii/framework/web/CActiveDataProvider.php(228): CActiveRecord->count(Object(CDbCriteria))
#4 /data0/yii/framework/web/CDataProvider.php(224): CActiveDataProvider->calculateTotalItemCount()
#5 /data0/yii/framework/web/CActiveDataProvider.php(178): CDataProvider->getTotalItemCount()
#6 /data0/yii/framework/web/CDataProvider.php(168): CActiveDataProvider->fetchData()
#7 /data0/yii/framework/zii/widgets/CBaseListView.php(111): CDataProvider->getData()
#8 /data0/yii/framework/zii/widgets/CListView.php(211): CBaseListView->init()
#9 /data0/yii/framework/web/CBaseController.php(147): CListView->init()
#10 /data0/yii/framework/web/CBaseController.php(172): CBaseController->createWidget('zii.widgets.CLi...', Array)
#11 /data0/myblog/protected/views/post/index.php(11): CBaseController->widget('zii.widgets.CLi...', Array)
#12 /data0/yii/framework/web/CBaseController.php(126): require('/data0/myblog/p...')
#13 /data0/yii/framework/web/CBaseController.php(95): CBaseController->renderInternal('/data0/myblog/p...', Array, true)
#14 /data0/yii/framework/web/CController.php(869): CBaseController->renderFile('/data0/myblog/p...', Array, true)
#15 /data0/yii/framework/web/CController.php(782): CController->renderPartial('index', Array, true)
#16 /data0/myblog/protected/controllers/PostController.php(137): CController->render('index', Array)
#17 /data0/yii/framework/web/actions/CInlineAction.php(49): PostController->actionIndex()
#18 /data0/yii/framework/web/CController.php(308): CInlineAction->runWithParams(Array)
#19 /data0/yii/framework/web/filters/CFilterChain.php(133): CController->runAction(Object(CInlineAction))
#20 /data0/yii/framework/web/filters/CFilter.php(40): CFilterChain->run()
#21 /data0/yii/framework/web/CController.php(1145): CFilter->filter(Object(CFilterChain))
#22 /data0/yii/framework/web/filters/CInlineFilter.php(58): CController->filterAccessControl(Object(CFilterChain))
#23 /data0/yii/framework/web/filters/CFilterChain.php(130): CInlineFilter->filter(Object(CFilterChain))
#24 /data0/yii/framework/web/CController.php(291): CFilterChain->run()
#25 /data0/yii/framework/web/CController.php(265): CController->runActionWithFilters(Object(CInlineAction), Array)
#26 /data0/yii/framework/web/CWebApplication.php(282): CController->run('')
#27 /data0/yii/framework/web/CWebApplication.php(141): CWebApplication->runController('post')
#28 /data0/yii/framework/base/CApplication.php(180): CWebApplication->processRequest()
#29 /data0/myblog/index.php(13): CApplication->run()
#30 {main}
REQUEST_URI=/index.php?r=post
---
2014/06/21 15:24:54 [error] [exception.CDbException] exception 'CDbException' with message 'Relation "commentCount" is not defined in active record class "Post".' in /data0/yii/framework/db/ar/CActiveFinder.php:226
Stack trace:
#0 /data0/yii/framework/db/ar/CActiveFinder.php(48): CActiveFinder->buildJoinTree(Object(CJoinElement), 'commentCount')
#1 /data0/yii/framework/db/ar/CActiveRecord.php(909): CActiveFinder->__construct(Object(Post), 'commentCount')
#2 /data0/yii/framework/db/ar/CActiveRecord.php(1604): CActiveRecord->getActiveFinder('commentCount')
#3 /data0/yii/framework/web/CActiveDataProvider.php(228): CActiveRecord->count(Object(CDbCriteria))
#4 /data0/yii/framework/web/CDataProvider.php(224): CActiveDataProvider->calculateTotalItemCount()
#5 /data0/yii/framework/web/CActiveDataProvider.php(178): CDataProvider->getTotalItemCount()
#6 /data0/yii/framework/web/CDataProvider.php(168): CActiveDataProvider->fetchData()
#7 /data0/yii/framework/zii/widgets/CBaseListView.php(111): CDataProvider->getData()
#8 /data0/yii/framework/zii/widgets/CListView.php(211): CBaseListView->init()
#9 /data0/yii/framework/web/CBaseController.php(147): CListView->init()
#10 /data0/yii/framework/web/CBaseController.php(172): CBaseController->createWidget('zii.widgets.CLi...', Array)
#11 /data0/myblog/protected/views/post/index.php(11): CBaseController->widget('zii.widgets.CLi...', Array)
#12 /data0/yii/framework/web/CBaseController.php(126): require('/data0/myblog/p...')
#13 /data0/yii/framework/web/CBaseController.php(95): CBaseController->renderInternal('/data0/myblog/p...', Array, true)
#14 /data0/yii/framework/web/CController.php(869): CBaseController->renderFile('/data0/myblog/p...', Array, true)
#15 /data0/yii/framework/web/CController.php(782): CController->renderPartial('index', Array, true)
#16 /data0/myblog/protected/controllers/PostController.php(137): CController->render('index', Array)
#17 /data0/yii/framework/web/actions/CInlineAction.php(49): PostController->actionIndex()
#18 /data0/yii/framework/web/CController.php(308): CInlineAction->runWithParams(Array)
#19 /data0/yii/framework/web/filters/CFilterChain.php(133): CController->runAction(Object(CInlineAction))
#20 /data0/yii/framework/web/filters/CFilter.php(40): CFilterChain->run()
#21 /data0/yii/framework/web/CController.php(1145): CFilter->filter(Object(CFilterChain))
#22 /data0/yii/framework/web/filters/CInlineFilter.php(58): CController->filterAccessControl(Object(CFilterChain))
#23 /data0/yii/framework/web/filters/CFilterChain.php(130): CInlineFilter->filter(Object(CFilterChain))
#24 /data0/yii/framework/web/CController.php(291): CFilterChain->run()
#25 /data0/yii/framework/web/CController.php(265): CController->runActionWithFilters(Object(CInlineAction), Array)
#26 /data0/yii/framework/web/CWebApplication.php(282): CController->run('index')
#27 /data0/yii/framework/web/CWebApplication.php(141): CWebApplication->runController('post/index')
#28 /data0/yii/framework/base/CApplication.php(180): CWebApplication->processRequest()
#29 /data0/myblog/index.php(13): CApplication->run()
#30 {main}
REQUEST_URI=/index.php?r=post/index
---
2014/06/21 15:42:51 [error] [php] Undefined variable: id (/data0/myblog/protected/controllers/PostController.php:164)
Stack trace:
#0 /data0/yii/framework/web/CController.php(308): CInlineAction->runWithParams()
#1 /data0/yii/framework/web/filters/CFilterChain.php(133): PostController->runAction()
#2 /data0/yii/framework/web/filters/CFilter.php(40): CFilterChain->run()
#3 /data0/yii/framework/web/CController.php(1145): CAccessControlFilter->filter()
#4 /data0/yii/framework/web/filters/CInlineFilter.php(58): PostController->filterAccessControl()
#5 /data0/yii/framework/web/filters/CFilterChain.php(130): CInlineFilter->filter()
#6 /data0/yii/framework/web/CController.php(291): CFilterChain->run()
#7 /data0/yii/framework/web/CController.php(265): PostController->runActionWithFilters()
#8 /data0/yii/framework/web/CWebApplication.php(282): PostController->run()
#9 /data0/yii/framework/web/CWebApplication.php(141): CWebApplication->runController()
#10 /data0/yii/framework/base/CApplication.php(180): CWebApplication->processRequest()
#11 /data0/myblog/index.php(13): CWebApplication->run()
REQUEST_URI=/index.php?r=post/view&id=1
in /data0/myblog/protected/controllers/PostController.php (164)
in /data0/myblog/protected/controllers/PostController.php (50)
in /data0/myblog/index.php (13)
